<?xml version="1.0" encoding="UTF-8"?>
<!-- Generated by org.testng.reporters.JUnitReportReporter -->
<testsuite skipped="0" hostname="DESKTOP-IUTETS9" name="Com.Test.ArrayCompTest" tests="3" failures="0" timestamp="07 Jun 2019 23:40:24 GMT" time="0.033" errors="0">
  <testcase name="differentArrayLength" time="0.027" classname="Com.Test.ArrayCompTest"/>
  <testcase name="sameArray" time="0.003" classname="Com.Test.ArrayCompTest"/>
  <testcase name="differentElements" time="0.003" classname="Com.Test.ArrayCompTest"/>
</testsuite> <!-- Com.Test.ArrayCompTest -->
