<?xml version="1.0" encoding="UTF-8"?>
<!-- Generated by org.testng.reporters.JUnitReportReporter -->
<testsuite skipped="0" hostname="DESKTOP-IUTETS9" name="Com.Test.SwappingTest" tests="3" failures="0" timestamp="07 Jun 2019 23:01:14 GMT" time="0.038" errors="0">
  <testcase name="swap1" time="0.029" classname="Com.Test.SwappingTest"/>
  <testcase name="zeroSwap" time="0.004" classname="Com.Test.SwappingTest"/>
  <testcase name="swap2" time="0.005" classname="Com.Test.SwappingTest"/>
</testsuite> <!-- Com.Test.SwappingTest -->
