<?xml version="1.0" encoding="UTF-8"?>
<!-- Generated by org.testng.reporters.JUnitReportReporter -->
<testsuite skipped="0" hostname="DESKTOP-IUTETS9" name="Com.Test.ReverseNumberTest" tests="5" failures="0" timestamp="07 Jun 2019 21:40:20 GMT" time="0.039" errors="0">
  <testcase name="belowTenTest" time="0.023" classname="Com.Test.ReverseNumberTest"/>
  <testcase name="sameDigitTest" time="0.003" classname="Com.Test.ReverseNumberTest"/>
  <testcase name="fourdigitTest" time="0.005" classname="Com.Test.ReverseNumberTest"/>
  <testcase name="sameNumberTest" time="0.003" classname="Com.Test.ReverseNumberTest"/>
  <testcase name="zeroTest" time="0.005" classname="Com.Test.ReverseNumberTest"/>
</testsuite> <!-- Com.Test.ReverseNumberTest -->
