<?xml version="1.0" encoding="UTF-8"?>
<!-- Generated by org.testng.reporters.JUnitReportReporter -->
<testsuite skipped="0" hostname="DESKTOP-IUTETS9" name="Com.Test.CompareObjectTest" tests="2" failures="0" timestamp="07 Jun 2019 21:28:03 GMT" time="0.033" errors="0">
  <testcase name="check2ObjEqual" time="0.025" classname="Com.Test.CompareObjectTest"/>
  <testcase name="checkObjEqual" time="0.008" classname="Com.Test.CompareObjectTest"/>
</testsuite> <!-- Com.Test.CompareObjectTest -->
