<?xml version="1.0" encoding="UTF-8"?>
<!-- Generated by org.testng.reporters.JUnitReportReporter -->
<testsuite skipped="0" hostname="DESKTOP-IUTETS9" name="Com.Test.FibonaciTest" tests="2" failures="0" timestamp="08 Jun 2019 00:16:37 GMT" time="0.031" errors="0">
  <testcase name="ZeroInput" time="0.026" classname="Com.Test.FibonaciTest"/>
  <testcase name="validInput" time="0.005" classname="Com.Test.FibonaciTest"/>
</testsuite> <!-- Com.Test.FibonaciTest -->
