<?xml version="1.0" encoding="UTF-8"?>
<!-- Generated by org.testng.reporters.JUnitReportReporter -->
<testsuite skipped="0" hostname="DESKTOP-IUTETS9" name="Com.Test.PrimeTest" tests="3" failures="0" timestamp="07 Jun 2019 20:46:31 GMT" time="0.048" errors="0">
  <testcase name="nonPrimeTest" time="0.041" classname="Com.Test.PrimeTest"/>
  <testcase name="zeroTest" time="0.004" classname="Com.Test.PrimeTest"/>
  <testcase name="primeTest" time="0.003" classname="Com.Test.PrimeTest"/>
</testsuite> <!-- Com.Test.PrimeTest -->
