<?xml version="1.0" encoding="UTF-8"?>
<!-- Generated by org.testng.reporters.JUnitReportReporter -->
<testsuite skipped="0" hostname="DESKTOP-IUTETS9" name="Com.Test.SecondLargestTest" tests="3" failures="0" timestamp="05 Jun 2019 18:57:29 GMT" time="0.018" errors="0">
  <testcase name="test1" time="0.009" classname="Com.Test.SecondLargestTest"/>
  <testcase name="test2" time="0.006" classname="Com.Test.SecondLargestTest"/>
  <testcase name="test3" time="0.003" classname="Com.Test.SecondLargestTest"/>
</testsuite> <!-- Com.Test.SecondLargestTest -->
